
> compass-data-pipeline@1.0.0 scrape:reddit:real
> tsx src/ingestion/reddit-real-scraper.ts

=== Reddit REAL Data Scraper (PullPush) ===
Started at: 2026-06-24T10:33:11.746Z

📚 Source: PullPush.io public archive — no Reddit app / login required.

📡 [1/3] Scraping r/collegeresults (2024+ archive)...
  📄 Page 1/70 (0 posts so far)...
  📄 Page 2/70 (67 posts so far)...
  📄 Page 3/70 (127 posts so far)...
  📄 Page 4/70 (175 posts so far)...
  📄 Page 5/70 (241 posts so far)...
  📄 Page 6/70 (304 posts so far)...
  📄 Page 7/70 (370 posts so far)...
  📄 Page 8/70 (448 posts so far)...
  📄 Page 9/70 (522 posts so far)...
  📄 Page 10/70 (593 posts so far)...
  📄 Page 11/70 (671 posts so far)...
  📄 Page 12/70 (740 posts so far)...
  📄 Page 13/70 (818 posts so far)...
  📄 Page 14/70 (887 posts so far)...
  📄 Page 15/70 (953 posts so far)...
  📄 Page 16/70 (1019 posts so far)...
  📄 Page 17/70 (1084 posts so far)...
  📄 Page 18/70 (1142 posts so far)...
  📄 Page 19/70 (1196 posts so far)...
  📄 Page 20/70 (1258 posts so far)...
  📄 Page 21/70 (1321 posts so far)...
  📄 Page 22/70 (1385 posts so far)...
  📄 Page 23/70 (1436 posts so far)...
  📄 Page 24/70 (1489 posts so far)...
  📄 Page 25/70 (1554 posts so far)...
  📄 Page 26/70 (1617 posts so far)...
  📄 Page 27/70 (1680 posts so far)...
  📄 Page 28/70 (1727 posts so far)...
  📄 Page 29/70 (1783 posts so far)...
  📄 Page 30/70 (1836 posts so far)...
  📄 Page 31/70 (1886 posts so far)...
  📄 Page 32/70 (1953 posts so far)...
  📄 Page 33/70 (2002 posts so far)...
  📄 Page 34/70 (2065 posts so far)...
  📄 Page 35/70 (2106 posts so far)...
  📄 Page 36/70 (2151 posts so far)...
  📄 Page 37/70 (2231 posts so far)...
  📄 Page 38/70 (2320 posts so far)...
  📄 Page 39/70 (2398 posts so far)...
  📄 Page 40/70 (2480 posts so far)...
  📄 Page 41/70 (2564 posts so far)...
  📄 Page 42/70 (2637 posts so far)...
  📄 Page 43/70 (2707 posts so far)...
  📄 Page 44/70 (2789 posts so far)...
  📄 Page 45/70 (2871 posts so far)...
  📄 Page 46/70 (2951 posts so far)...
  📄 Page 47/70 (3028 posts so far)...
  📄 Page 48/70 (3110 posts so far)...
  📄 Page 49/70 (3182 posts so far)...
  📄 Page 50/70 (3257 posts so far)...
  📄 Page 51/70 (3334 posts so far)...
  📄 Page 52/70 (3415 posts so far)...
  📄 Page 53/70 (3499 posts so far)...
  📄 Page 54/70 (3571 posts so far)...
  📄 Page 55/70 (3638 posts so far)...
  📄 Page 56/70 (3717 posts so far)...
  📄 Page 57/70 (3798 posts so far)...
  📄 Page 58/70 (3861 posts so far)...
  📄 Page 59/70 (3916 posts so far)...
  📄 Page 60/70 (3986 posts so far)...
  📄 Page 61/70 (4052 posts so far)...
  📄 Page 62/70 (4109 posts so far)...
  📄 Page 63/70 (4170 posts so far)...
  📄 Page 64/70 (4215 posts so far)...
  📄 Page 65/70 (4251 posts so far)...
  📄 Page 66/70 (4302 posts so far)...
  📄 Page 67/70 (4345 posts so far)...
  📄 Page 68/70 (4393 posts so far)...
  📄 Page 69/70 (4452 posts so far)...
  📄 Page 70/70 (4514 posts so far)...
  ❌ Error: read ECONNRESET — retrying in 6s
  ❌ Error: read ECONNRESET
  📭 Reached the end of the archive.
  ✅ Got 4514 posts from r/collegeresults

📡 [2/3] Searching r/ApplyingToCollege...
  🔍 Search "college results SAT" page 1 (0 posts)...
  🔍 Search "college results SAT" page 2 (98 posts)...
  🔍 Search "college results SAT" page 3 (198 posts)...
  🔍 Search "decision results GPA" page 1 (0 posts)...
  🔍 Search "decision results GPA" page 2 (100 posts)...
  🔍 Search "accepted rejected stats" page 1 (0 posts)...
  🔍 Search "accepted rejected stats" page 2 (99 posts)...
  🔍 Search "accepted rejected stats" page 3 (199 posts)...
  ✅ Total unique posts so far: 5007

📡 [3/3] Searching r/IntltoUSA...
  🔍 Search "results accepted" page 1 (0 posts)...
  🔍 Search "chance me SAT" page 1 (0 posts)...
  🔍 Search "chance me SAT" page 2 (100 posts)...
  🔍 Search "chance me SAT" page 3 (200 posts)...
  🔍 Search "stats" page 1 (0 posts)...
  🔍 Search "stats" page 2 (89 posts)...
  🔍 Search "stats" page 3 (181 posts)...

📦 Total unique raw posts: 5621
💾 Raw posts saved: C:\Users\alibe\Desktop\compass-main\data-pipeline\raw\reddit_raw_posts.json

🔬 Parsing posts...

✅ Parsed profiles: 3078
⏭️  Skipped (no match): 2543
💾 Dataset saved: C:\Users\alibe\Desktop\compass-main\data-pipeline\dataset_real.json

📊 Summary:
  With SAT: 1015 (33%)
  With GPA: 771 (25%)
  With Country: 1627
  With Major: 2385
  Avg decisions per profile: 5.5
  Date range: 2022-01-16 → 2025-05-18

📝 First 3 profiles preview:
  ---
  Title: 3.5GPA CS/Business major to T20s (thank u sneakers)
  URL: https://reddit.com/r/collegeresults/comments/1kpq1va/35gpa_csbusiness_major_to_t20s_thank_u_sneakers/
  SAT: N/A, GPA: .
  Major: to T20s (thank u sneakers)
  Accepted (0): 
  Rejected (0): 
  ---
  Title: 3.67 GPA Asian Transfer Bags an Ivy ‼️ ‼️
  URL: https://reddit.com/r/collegeresults/comments/1kpdcse/367_gpa_asian_transfer_bags_an_ivy/
  SAT: 1480, GPA: 3.84/4.00
  Major: **: economics and data science/statistics (either as a minor or double major, de
  Accepted (2): UPenn CAS -&gt; ACCEPTED!!!!; Growing up, I never thought I was Ivy material. I'm from one of those insane competitive towns with a lot of Asian immigrants, and I always had worse academics and extracurriculars than my friends, even as an elementary schooler. My parents were pretty hands-off compared to other Asian immigrants in my town, both bc of their philosophy and bc of some depressing family lore 💀 While my friends performed at Carnegie Hall or competed at regional science fairs, I did normal kid stuff. This meant that I had lots of time to explore what I was truly passionate about (within the constraints of making good money after college lol). I taught myself to write stories, make digital art, and fell in love with political history. Although I ended up switching to business because of the aforementioned needing to make good money after college, the interests I cultivated on my own were a huge help to my application and have helped me gain access to a lot of cool opportunities while in college. I used to think my parents raised me wrong because I wasn't as talented as the people I grew up with. I now realize I was wrong. Because in the end, the ambition and determination I gained from my upbringing, not just my raw intelligence, helped me get accepted. If you lock in like crazy on your goals, you're gonna achieve amazing things no matter where you end up!
  Rejected (2): Cornell (non guaranteed transfer option) CAS -&gt; rejected; Columbia -&gt; rejected
  ---
  Title: started apps in october and still bagged a T5 public!!!
  URL: https://reddit.com/r/collegeresults/comments/1kp622z/started_apps_in_october_and_still_bagged_a_t5/
  SAT: N/A, GPA: N/A
  Major: **: Applied under biochemistry(/linguistics if available)
  Accepted (1): Acceptances:* SBU (EA, Honors/Presidential), VCU (rolling, Honors/Provost), WM (RD, Monroe Scholar), UVA (RD)
  Rejected (1): Rejections:* Yale, Vanderbilt, Duke, Johns Hopkins (all RD)

🏁 Done at: 2026-06-24T11:07:19.768Z
