
> compass-data-pipeline@1.0.0 scrape:reddit:real
> tsx src/ingestion/reddit-real-scraper.ts

=== Reddit REAL Data Scraper (PullPush) ===
Started at: 2026-06-24T09:07:17.925Z

📚 Source: PullPush.io public archive — no Reddit app / login required.

📡 [1/3] Scraping r/collegeresults (2024+ archive)...
  📄 Page 1/40 (0 posts so far)...
  📄 Page 2/40 (67 posts so far)...
  📄 Page 3/40 (127 posts so far)...
  📄 Page 4/40 (175 posts so far)...
  📄 Page 5/40 (241 posts so far)...
  📄 Page 6/40 (304 posts so far)...
  📄 Page 7/40 (370 posts so far)...
  📄 Page 8/40 (448 posts so far)...
  📄 Page 9/40 (522 posts so far)...
  📄 Page 10/40 (593 posts so far)...
  📄 Page 11/40 (671 posts so far)...
  📄 Page 12/40 (740 posts so far)...
  📄 Page 13/40 (818 posts so far)...
  📄 Page 14/40 (887 posts so far)...
  📄 Page 15/40 (953 posts so far)...
  📄 Page 16/40 (1019 posts so far)...
  📄 Page 17/40 (1084 posts so far)...
  📄 Page 18/40 (1142 posts so far)...
  📄 Page 19/40 (1196 posts so far)...
  📄 Page 20/40 (1258 posts so far)...
  📄 Page 21/40 (1321 posts so far)...
  📄 Page 22/40 (1385 posts so far)...
  📄 Page 23/40 (1436 posts so far)...
  📄 Page 24/40 (1489 posts so far)...
  📄 Page 25/40 (1554 posts so far)...
  📄 Page 26/40 (1617 posts so far)...
  📄 Page 27/40 (1680 posts so far)...
  📄 Page 28/40 (1727 posts so far)...
  📄 Page 29/40 (1783 posts so far)...
  📄 Page 30/40 (1836 posts so far)...
  📄 Page 31/40 (1886 posts so far)...
  📄 Page 32/40 (1953 posts so far)...
  📄 Page 33/40 (2002 posts so far)...
  📄 Page 34/40 (2065 posts so far)...
  📄 Page 35/40 (2106 posts so far)...
  📄 Page 36/40 (2151 posts so far)...
  📄 Page 37/40 (2231 posts so far)...
  📄 Page 38/40 (2320 posts so far)...
  📄 Page 39/40 (2398 posts so far)...
  📄 Page 40/40 (2480 posts so far)...
  ✅ Got 2564 posts from r/collegeresults

📡 [2/3] Searching r/ApplyingToCollege...
  🔍 Search "college results SAT" page 1 (0 posts)...
  🔍 Search "college results SAT" page 2 (98 posts)...
  🔍 Search "college results SAT" page 3 (198 posts)...
  🔍 Search "decision results GPA" page 1 (0 posts)...
  🔍 Search "accepted rejected stats" page 1 (0 posts)...
  🔍 Search "accepted rejected stats" page 2 (99 posts)...
  🔍 Search "accepted rejected stats" page 3 (199 posts)...
  ✅ Total unique posts so far: 3064

📡 [3/3] Searching r/IntltoUSA...
  🔍 Search "results accepted" page 1 (0 posts)...
  🔍 Search "chance me SAT" page 1 (0 posts)...
  🔍 Search "chance me SAT" page 2 (100 posts)...
  🔍 Search "chance me SAT" page 3 (200 posts)...
  🔍 Search "stats" page 1 (0 posts)...
  🔍 Search "stats" page 2 (89 posts)...
  🔍 Search "stats" page 3 (181 posts)...

📦 Total unique raw posts: 3678
💾 Raw posts saved: C:\Users\alibe\Desktop\compass-main\data-pipeline\raw\reddit_raw_posts.json

🔬 Parsing posts...

✅ Parsed profiles: 1729
⏭️  Skipped (no match): 1949
💾 Dataset saved: C:\Users\alibe\Desktop\compass-main\data-pipeline\dataset_real.json

📊 Summary:
  With SAT: 568 (33%)
  With GPA: 412 (24%)
  With Country: 894
  With Major: 1239
  Avg decisions per profile: 4.5
  Date range: 2024-01-03 → 2025-05-18

📝 First 3 profiles preview:
  ---
  Title: 3.5GPA CS/Business major to T20s (thank u sneakers)
  URL: https://reddit.com/r/collegeresults/comments/1kpq1va/35gpa_csbusiness_major_to_t20s_thank_u_sneakers/
  SAT: N/A, GPA: .
  Major: to T20s (thank u sneakers)
  Accepted (0): 
  Rejected (0): 
  ---
  Title: 3.67 GPA Asian Transfer Bags an Ivy ‼️ ‼️
  URL: https://reddit.com/r/collegeresults/comments/1kpdcse/367_gpa_asian_transfer_bags_an_ivy/
  SAT: 1480, GPA: 3.84/4.00
  Major: **: economics and data science/statistics (either as a minor or double major, de
  Accepted (2): UPenn CAS -&gt; ACCEPTED!!!!; Growing up, I never thought I was Ivy material. I'm from one of those insane competitive towns with a lot of Asian immigrants, and I always had worse academics and extracurriculars than my friends, even as an elementary schooler. My parents were pretty hands-off compared to other Asian immigrants in my town, both bc of their philosophy and bc of some depressing family lore 💀 While my friends performed at Carnegie Hall or competed at regional science fairs, I did normal kid stuff. This meant that I had lots of time to explore what I was truly passionate about (within the constraints of making good money after college lol). I taught myself to write stories, make digital art, and fell in love with political history. Although I ended up switching to business because of the aforementioned needing to make good money after college, the interests I cultivated on my own were a huge help to my application and have helped me gain access to a lot of cool opportunities while in college. I used to think my parents raised me wrong because I wasn't as talented as the people I grew up with. I now realize I was wrong. Because in the end, the ambition and determination I gained from my upbringing, not just my raw intelligence, helped me get accepted. If you lock in like crazy on your goals, you're gonna achieve amazing things no matter where you end up!
  Rejected (2): Cornell (non guaranteed transfer option) CAS -&gt; rejected; Columbia -&gt; rejected
  ---
  Title: started apps in october and still bagged a T5 public!!!
  URL: https://reddit.com/r/collegeresults/comments/1kp622z/started_apps_in_october_and_still_bagged_a_t5/
  SAT: N/A, GPA: N/A
  Major: **: Applied under biochemistry(/linguistics if available)
  Accepted (1): Acceptances:* SBU (EA, Honors/Presidential), VCU (rolling, Honors/Provost), WM (RD, Monroe Scholar), UVA (RD)
  Rejected (1): Rejections:* Yale, Vanderbilt, Duke, Johns Hopkins (all RD)

🏁 Done at: 2026-06-24T09:24:47.202Z
